<?xml version="1.0" encoding="UTF-8"?>
<testng-results ignored="0" total="1" passed="1" failed="0" skipped="0">
  <reporter-output>
  </reporter-output>
  <suite started-at="2020-12-11T17:44:58 PKT" name="Default suite" finished-at="2020-12-11T17:45:04 PKT" duration-ms="6502">
    <groups>
    </groups>
    <test started-at="2020-12-11T17:44:58 PKT" name="Default test" finished-at="2020-12-11T17:45:04 PKT" duration-ms="6502">
      <class name="tests.Tester">
        <test-method signature="f()[pri:0, instance:tests.Tester@2f54a33d]" started-at="2020-12-11T17:44:58 PKT" name="f" finished-at="2020-12-11T17:45:04 PKT" duration-ms="6466" status="PASS">
          <reporter-output>
          </reporter-output>
        </test-method> <!-- f -->
      </class> <!-- tests.Tester -->
    </test> <!-- Default test -->
  </suite> <!-- Default suite -->
</testng-results>
